<?xml version="1.0" encoding="UTF-8"?>
<!-- Generated by org.testng.reporters.JUnitReportReporter -->
<testsuite hostname="LAPTOP-NTATU87G" failures="0" tests="1" name="com.google.GoogleTest" time="2.626" errors="0" timestamp="2022-06-30T00:39:00 COT" skipped="0">
  <testcase classname="com.google.GoogleTest" name="f" time="2.626"/>
  <system-out/>
</testsuite> <!-- com.google.GoogleTest -->
